Dynamic output is deprecated in favor of checkpoints (see docs). It will be removed in Snakemake 6.0.
Building DAG of jobs...
Using shell: /usr/bin/bash
Provided cores: 16
Rules claiming more threads will be scaled down.
Job counts:
	count	jobs
	1	all
	3	hisat2_align
	4

[Thu Mar 12 15:21:51 2020]
rule hisat2_align:
    output: data/mappedreads/SRR11140746.bam
    jobid: 2
    wildcards: accession=SRR11140746


[Thu Mar 12 15:21:51 2020]
rule hisat2_align:
    output: data/mappedreads/SRR11140744.bam
    jobid: 1
    wildcards: accession=SRR11140744


[Thu Mar 12 15:21:51 2020]
rule hisat2_align:
    output: data/mappedreads/SRR11140748.bam
    jobid: 3
    wildcards: accession=SRR11140748

[Thu Mar 12 15:21:51 2020]
Error in rule hisat2_align:
    jobid: 2
    output: data/mappedreads/SRR11140746.bam
    shell:
        hisat2 -x data/indexfiles/sra --sra-acc SRR11140746| samtools view -Sb -F4 - | samtools sort - > data/mappedreads/SRR11140746.bam
        (one of the commands exited with non-zero exit code; note that snakemake uses bash strict mode!)

Removing output files of failed job hisat2_align since they might be corrupted:
data/mappedreads/SRR11140746.bam
[Thu Mar 12 15:21:51 2020]
Error in rule hisat2_align:
    jobid: 1
    output: data/mappedreads/SRR11140744.bam
    shell:
        hisat2 -x data/indexfiles/sra --sra-acc SRR11140744| samtools view -Sb -F4 - | samtools sort - > data/mappedreads/SRR11140744.bam
        (one of the commands exited with non-zero exit code; note that snakemake uses bash strict mode!)

Removing output files of failed job hisat2_align since they might be corrupted:
data/mappedreads/SRR11140744.bam
[Thu Mar 12 15:21:58 2020]
Error in rule hisat2_align:
    jobid: 3
    output: data/mappedreads/SRR11140748.bam
    shell:
        hisat2 -x data/indexfiles/sra --sra-acc SRR11140748| samtools view -Sb -F4 - | samtools sort - > data/mappedreads/SRR11140748.bam
        (one of the commands exited with non-zero exit code; note that snakemake uses bash strict mode!)

Removing output files of failed job hisat2_align since they might be corrupted:
data/mappedreads/SRR11140748.bam
Shutting down, this might take some time.
Exiting because a job execution failed. Look above for error message
Complete log: /home/amaiellu/.snakemake/log/2020-03-12T152151.706029.snakemake.log
