Building DAG of jobs...
Using shell: /usr/bin/bash
Provided cores: 16
Rules claiming more threads will be scaled down.
Job counts:
	count	jobs
	1	all
	9	bcfindex
	9	consensus
	9	hisat2_align
	9	mpileup
	9	replace_name
	46

[Thu Mar 12 21:39:00 2020]
rule hisat2_align:
    output: data/mappedreads/SRR11092064.bam
    jobid: 46
    wildcards: accession=SRR11092064


[Thu Mar 12 21:39:00 2020]
rule hisat2_align:
    output: data/mappedreads/SRR11241255.bam
    jobid: 47
    wildcards: accession=SRR11241255


[Thu Mar 12 21:39:00 2020]
rule hisat2_align:
    output: data/mappedreads/SRR1910449.bam
    jobid: 48
    wildcards: accession=SRR1910449


[Thu Mar 12 21:39:00 2020]
rule hisat2_align:
    output: data/mappedreads/SRR11247077.bam
    jobid: 45
    wildcards: accession=SRR11247077


[Thu Mar 12 21:39:00 2020]
rule hisat2_align:
    output: data/mappedreads/SRR11247075.bam
    jobid: 44
    wildcards: accession=SRR11247075


[Thu Mar 12 21:39:00 2020]
rule hisat2_align:
    output: data/mappedreads/SRR2063922.bam
    jobid: 49
    wildcards: accession=SRR2063922


[Thu Mar 12 21:39:00 2020]
rule hisat2_align:
    output: data/mappedreads/SRR10971381.bam
    jobid: 43
    wildcards: accession=SRR10971381


[Thu Mar 12 21:39:00 2020]
rule hisat2_align:
    output: data/mappedreads/SRR8189998.bam
    jobid: 41
    wildcards: accession=SRR8189998


[Thu Mar 12 21:39:00 2020]
rule hisat2_align:
    output: data/mappedreads/SRR2063913.bam
    jobid: 42
    wildcards: accession=SRR2063913

[Thu Mar 12 21:39:01 2020]
Finished job 44.
1 of 46 steps (2%) done

[Thu Mar 12 21:39:01 2020]
rule mpileup:
    input: data/mappedreads/SRR11247075.bam
    output: data/calls/SRR11247075.vcf.gz
    jobid: 27
    wildcards: accession=SRR11247075

[Thu Mar 12 21:39:02 2020]
Finished job 27.
2 of 46 steps (4%) done

[Thu Mar 12 21:39:02 2020]
rule bcfindex:
    input: data/calls/SRR11247075.vcf.gz
    output: data/calls/SRR11247075.vcf.gz.csi
    jobid: 28
    wildcards: accession=SRR11247075

[Thu Mar 12 21:39:02 2020]
Finished job 28.
3 of 46 steps (7%) done

[Thu Mar 12 21:39:02 2020]
rule consensus:
    input: data/calls/SRR11247075.vcf.gz, data/calls/SRR11247075.vcf.gz.csi
    output: data/consensus/SRR11247075_consensus.fa
    jobid: 14
    wildcards: accession=SRR11247075

[Thu Mar 12 21:39:02 2020]
Finished job 14.
4 of 46 steps (9%) done

[Thu Mar 12 21:39:02 2020]
rule replace_name:
    input: data/consensus/SRR11247075_consensus.fa
    output: data/consensusfinal/SRR11247075_fconsensus.fa
    jobid: 4
    wildcards: accession=SRR11247075

[Thu Mar 12 21:39:02 2020]
Finished job 4.
5 of 46 steps (11%) done
[Thu Mar 12 21:39:04 2020]
Finished job 47.
6 of 46 steps (13%) done

[Thu Mar 12 21:39:04 2020]
rule mpileup:
    input: data/mappedreads/SRR11241255.bam
    output: data/calls/SRR11241255.vcf.gz
    jobid: 33
    wildcards: accession=SRR11241255

[Thu Mar 12 21:39:18 2020]
Finished job 45.
7 of 46 steps (15%) done

[Thu Mar 12 21:39:18 2020]
rule mpileup:
    input: data/mappedreads/SRR11247077.bam
    output: data/calls/SRR11247077.vcf.gz
    jobid: 29
    wildcards: accession=SRR11247077

[Thu Mar 12 21:39:19 2020]
Finished job 33.
8 of 46 steps (17%) done

[Thu Mar 12 21:39:19 2020]
rule bcfindex:
    input: data/calls/SRR11241255.vcf.gz
    output: data/calls/SRR11241255.vcf.gz.csi
    jobid: 34
    wildcards: accession=SRR11241255

[Thu Mar 12 21:39:19 2020]
Finished job 34.
9 of 46 steps (20%) done

[Thu Mar 12 21:39:19 2020]
rule consensus:
    input: data/calls/SRR11241255.vcf.gz, data/calls/SRR11241255.vcf.gz.csi
    output: data/consensus/SRR11241255_consensus.fa
    jobid: 17
    wildcards: accession=SRR11241255

[Thu Mar 12 21:39:19 2020]
Finished job 17.
10 of 46 steps (22%) done

[Thu Mar 12 21:39:19 2020]
rule replace_name:
    input: data/consensus/SRR11241255_consensus.fa
    output: data/consensusfinal/SRR11241255_fconsensus.fa
    jobid: 7
    wildcards: accession=SRR11241255

[Thu Mar 12 21:39:19 2020]
Finished job 7.
11 of 46 steps (24%) done
[Thu Mar 12 21:40:20 2020]
Finished job 29.
12 of 46 steps (26%) done

[Thu Mar 12 21:40:20 2020]
rule bcfindex:
    input: data/calls/SRR11247077.vcf.gz
    output: data/calls/SRR11247077.vcf.gz.csi
    jobid: 30
    wildcards: accession=SRR11247077

[Thu Mar 12 21:40:20 2020]
Finished job 30.
13 of 46 steps (28%) done

[Thu Mar 12 21:40:20 2020]
rule consensus:
    input: data/calls/SRR11247077.vcf.gz, data/calls/SRR11247077.vcf.gz.csi
    output: data/consensus/SRR11247077_consensus.fa
    jobid: 15
    wildcards: accession=SRR11247077

[Thu Mar 12 21:40:20 2020]
Finished job 15.
14 of 46 steps (30%) done

[Thu Mar 12 21:40:20 2020]
rule replace_name:
    input: data/consensus/SRR11247077_consensus.fa
    output: data/consensusfinal/SRR11247077_fconsensus.fa
    jobid: 5
    wildcards: accession=SRR11247077

[Thu Mar 12 21:40:20 2020]
Finished job 5.
15 of 46 steps (33%) done
[Thu Mar 12 21:41:41 2020]
Finished job 46.
16 of 46 steps (35%) done

[Thu Mar 12 21:41:41 2020]
rule mpileup:
    input: data/mappedreads/SRR11092064.bam
    output: data/calls/SRR11092064.vcf.gz
    jobid: 31
    wildcards: accession=SRR11092064

[Thu Mar 12 21:41:41 2020]
Finished job 31.
17 of 46 steps (37%) done

[Thu Mar 12 21:41:41 2020]
rule bcfindex:
    input: data/calls/SRR11092064.vcf.gz
    output: data/calls/SRR11092064.vcf.gz.csi
    jobid: 32
    wildcards: accession=SRR11092064

[Thu Mar 12 21:41:41 2020]
Finished job 32.
18 of 46 steps (39%) done

[Thu Mar 12 21:41:41 2020]
rule consensus:
    input: data/calls/SRR11092064.vcf.gz, data/calls/SRR11092064.vcf.gz.csi
    output: data/consensus/SRR11092064_consensus.fa
    jobid: 16
    wildcards: accession=SRR11092064

[Thu Mar 12 21:41:41 2020]
Finished job 16.
19 of 46 steps (41%) done

[Thu Mar 12 21:41:41 2020]
rule replace_name:
    input: data/consensus/SRR11092064_consensus.fa
    output: data/consensusfinal/SRR11092064_fconsensus.fa
    jobid: 6
    wildcards: accession=SRR11092064

[Thu Mar 12 21:41:41 2020]
Finished job 6.
20 of 46 steps (43%) done
[Thu Mar 12 21:42:01 2020]
Finished job 41.
21 of 46 steps (46%) done

[Thu Mar 12 21:42:01 2020]
rule mpileup:
    input: data/mappedreads/SRR8189998.bam
    output: data/calls/SRR8189998.vcf.gz
    jobid: 21
    wildcards: accession=SRR8189998

[Thu Mar 12 21:42:02 2020]
Finished job 21.
22 of 46 steps (48%) done

[Thu Mar 12 21:42:02 2020]
rule bcfindex:
    input: data/calls/SRR8189998.vcf.gz
    output: data/calls/SRR8189998.vcf.gz.csi
    jobid: 22
    wildcards: accession=SRR8189998

[Thu Mar 12 21:42:02 2020]
Finished job 22.
23 of 46 steps (50%) done

[Thu Mar 12 21:42:02 2020]
rule consensus:
    input: data/calls/SRR8189998.vcf.gz, data/calls/SRR8189998.vcf.gz.csi
    output: data/consensus/SRR8189998_consensus.fa
    jobid: 11
    wildcards: accession=SRR8189998

[Thu Mar 12 21:42:02 2020]
Finished job 11.
24 of 46 steps (52%) done

[Thu Mar 12 21:42:02 2020]
rule replace_name:
    input: data/consensus/SRR8189998_consensus.fa
    output: data/consensusfinal/SRR8189998_fconsensus.fa
    jobid: 1
    wildcards: accession=SRR8189998

[Thu Mar 12 21:42:02 2020]
Finished job 1.
25 of 46 steps (54%) done
[Thu Mar 12 21:42:19 2020]
Finished job 42.
26 of 46 steps (57%) done

[Thu Mar 12 21:42:19 2020]
rule mpileup:
    input: data/mappedreads/SRR2063913.bam
    output: data/calls/SRR2063913.vcf.gz
    jobid: 23
    wildcards: accession=SRR2063913

[Thu Mar 12 21:42:19 2020]
Finished job 23.
27 of 46 steps (59%) done

[Thu Mar 12 21:42:19 2020]
rule bcfindex:
    input: data/calls/SRR2063913.vcf.gz
    output: data/calls/SRR2063913.vcf.gz.csi
    jobid: 24
    wildcards: accession=SRR2063913

[Thu Mar 12 21:42:19 2020]
Finished job 24.
28 of 46 steps (61%) done

[Thu Mar 12 21:42:19 2020]
rule consensus:
    input: data/calls/SRR2063913.vcf.gz, data/calls/SRR2063913.vcf.gz.csi
    output: data/consensus/SRR2063913_consensus.fa
    jobid: 12
    wildcards: accession=SRR2063913

[Thu Mar 12 21:42:19 2020]
Finished job 12.
29 of 46 steps (63%) done

[Thu Mar 12 21:42:19 2020]
rule replace_name:
    input: data/consensus/SRR2063913_consensus.fa
    output: data/consensusfinal/SRR2063913_fconsensus.fa
    jobid: 2
    wildcards: accession=SRR2063913

[Thu Mar 12 21:42:19 2020]
Finished job 2.
30 of 46 steps (65%) done
[Thu Mar 12 21:44:22 2020]
Finished job 49.
31 of 46 steps (67%) done

[Thu Mar 12 21:44:22 2020]
rule mpileup:
    input: data/mappedreads/SRR2063922.bam
    output: data/calls/SRR2063922.vcf.gz
    jobid: 37
    wildcards: accession=SRR2063922

[Thu Mar 12 21:44:23 2020]
Finished job 37.
32 of 46 steps (70%) done

[Thu Mar 12 21:44:23 2020]
rule bcfindex:
    input: data/calls/SRR2063922.vcf.gz
    output: data/calls/SRR2063922.vcf.gz.csi
    jobid: 38
    wildcards: accession=SRR2063922

[Thu Mar 12 21:44:23 2020]
Finished job 38.
33 of 46 steps (72%) done

[Thu Mar 12 21:44:23 2020]
rule consensus:
    input: data/calls/SRR2063922.vcf.gz, data/calls/SRR2063922.vcf.gz.csi
    output: data/consensus/SRR2063922_consensus.fa
    jobid: 19
    wildcards: accession=SRR2063922

[Thu Mar 12 21:44:23 2020]
Finished job 19.
34 of 46 steps (74%) done

[Thu Mar 12 21:44:23 2020]
rule replace_name:
    input: data/consensus/SRR2063922_consensus.fa
    output: data/consensusfinal/SRR2063922_fconsensus.fa
    jobid: 9
    wildcards: accession=SRR2063922

[Thu Mar 12 21:44:23 2020]
Finished job 9.
35 of 46 steps (76%) done
[Thu Mar 12 21:44:23 2020]
Finished job 48.
36 of 46 steps (78%) done

[Thu Mar 12 21:44:23 2020]
rule mpileup:
    input: data/mappedreads/SRR1910449.bam
    output: data/calls/SRR1910449.vcf.gz
    jobid: 35
    wildcards: accession=SRR1910449

[Thu Mar 12 21:44:23 2020]
Finished job 35.
37 of 46 steps (80%) done

[Thu Mar 12 21:44:23 2020]
rule bcfindex:
    input: data/calls/SRR1910449.vcf.gz
    output: data/calls/SRR1910449.vcf.gz.csi
    jobid: 36
    wildcards: accession=SRR1910449

[Thu Mar 12 21:44:23 2020]
Finished job 36.
38 of 46 steps (83%) done

[Thu Mar 12 21:44:23 2020]
rule consensus:
    input: data/calls/SRR1910449.vcf.gz, data/calls/SRR1910449.vcf.gz.csi
    output: data/consensus/SRR1910449_consensus.fa
    jobid: 18
    wildcards: accession=SRR1910449

[Thu Mar 12 21:44:23 2020]
Finished job 18.
39 of 46 steps (85%) done

[Thu Mar 12 21:44:23 2020]
rule replace_name:
    input: data/consensus/SRR1910449_consensus.fa
    output: data/consensusfinal/SRR1910449_fconsensus.fa
    jobid: 8
    wildcards: accession=SRR1910449

[Thu Mar 12 21:44:23 2020]
Finished job 8.
40 of 46 steps (87%) done
[Thu Mar 12 21:52:11 2020]
Finished job 43.
41 of 46 steps (89%) done

[Thu Mar 12 21:52:11 2020]
rule mpileup:
    input: data/mappedreads/SRR10971381.bam
    output: data/calls/SRR10971381.vcf.gz
    jobid: 25
    wildcards: accession=SRR10971381

[Thu Mar 12 21:52:18 2020]
Finished job 25.
42 of 46 steps (91%) done

[Thu Mar 12 21:52:18 2020]
rule bcfindex:
    input: data/calls/SRR10971381.vcf.gz
    output: data/calls/SRR10971381.vcf.gz.csi
    jobid: 26
    wildcards: accession=SRR10971381

[Thu Mar 12 21:52:18 2020]
Finished job 26.
43 of 46 steps (93%) done

[Thu Mar 12 21:52:18 2020]
rule consensus:
    input: data/calls/SRR10971381.vcf.gz, data/calls/SRR10971381.vcf.gz.csi
    output: data/consensus/SRR10971381_consensus.fa
    jobid: 13
    wildcards: accession=SRR10971381

[Thu Mar 12 21:52:18 2020]
Finished job 13.
44 of 46 steps (96%) done

[Thu Mar 12 21:52:18 2020]
rule replace_name:
    input: data/consensus/SRR10971381_consensus.fa
    output: data/consensusfinal/SRR10971381_fconsensus.fa
    jobid: 3
    wildcards: accession=SRR10971381

[Thu Mar 12 21:52:18 2020]
Finished job 3.
45 of 46 steps (98%) done

[Thu Mar 12 21:52:18 2020]
localrule all:
    input: data/consensusfinal/SRR8189998_fconsensus.fa, data/consensusfinal/SRR2063913_fconsensus.fa, data/consensusfinal/SRR10971381_fconsensus.fa, data/consensusfinal/SRR11247075_fconsensus.fa, data/consensusfinal/SRR11247077_fconsensus.fa, data/consensusfinal/SRR11092064_fconsensus.fa, data/consensusfinal/SRR11241255_fconsensus.fa, data/consensusfinal/SRR1910449_fconsensus.fa, data/consensusfinal/SRR2063922_fconsensus.fa, data/consensusfinal/SRR11140748_fconsensus.fa
    jobid: 0

[Thu Mar 12 21:52:18 2020]
Finished job 0.
46 of 46 steps (100%) done
Complete log: /home/amaiellu/.snakemake/log/2020-03-12T213900.910238.snakemake.log
