Building DAG of jobs...
Using shell: /usr/bin/bash
Provided cores: 16
Rules claiming more threads will be scaled down.
Job counts:
	count	jobs
	1	all
	1	consensus
	2

[Thu Mar 12 17:05:44 2020]
rule consensus:
    input: data/calls/SRR11140744.vcf.gz, data/calls/SRR11140744.vcf.gz.csi
    output: data/consensus/SRR11140744_consensus.fa
    jobid: 1
    wildcards: accession=SRR11140744

[Thu Mar 12 17:05:44 2020]
Finished job 1.
1 of 2 steps (50%) done

[Thu Mar 12 17:05:44 2020]
localrule all:
    input: data/consensus/SRR11140744_consensus.fa, data/consensus/SRR11140746_consensus.fa, data/consensus/SRR11140748_consensus.fa
    jobid: 0

[Thu Mar 12 17:05:44 2020]
Finished job 0.
2 of 2 steps (100%) done
Complete log: /home/amaiellu/.snakemake/log/2020-03-12T170544.320542.snakemake.log
