Dynamic output is deprecated in favor of checkpoints (see docs). It will be removed in Snakemake 6.0.
Dynamic output is deprecated in favor of checkpoints (see docs). It will be removed in Snakemake 6.0.
Building DAG of jobs...
Using shell: /usr/bin/bash
Provided cores: 16
Rules claiming more threads will be scaled down.
Job counts:
	count	jobs
	1	all
	1	hisat2_align
	2

[Thu Mar 12 03:33:19 2020]
rule hisat2_align:
    input: data/indexfiles/sra.5.ht2, data/indexfiles/sra.7.ht2, data/indexfiles/sra.2.ht2, data/indexfiles/sra.1.ht2, data/indexfiles/sra.8.ht2, data/indexfiles/sra.6.ht2, data/indexfiles/sra.4.ht2, data/indexfiles/sra.3.ht2
    output: data/mappedreads/SRR11140744.bam, data/mappedreads/SRR11140746.bam, data/mappedreads/SRR11140748.bam
    jobid: 3

[Thu Mar 12 03:33:19 2020]
Error in rule hisat2_align:
    jobid: 3
    output: data/mappedreads/SRR11140744.bam, data/mappedreads/SRR11140746.bam, data/mappedreads/SRR11140748.bam
    shell:
        hisat2 -x data/indexfiles/sra.5.ht2 data/indexfiles/sra.7.ht2 data/indexfiles/sra.2.ht2 data/indexfiles/sra.1.ht2 data/indexfiles/sra.8.ht2 data/indexfiles/sra.6.ht2 data/indexfiles/sra.4.ht2 data/indexfiles/sra.3.ht2 --sra-acc config['samples']| samtools view -Sb -F4 - | samtools sort - > data/mappedreads/SRR11140744.bam data/mappedreads/SRR11140746.bam data/mappedreads/SRR11140748.bam
        (one of the commands exited with non-zero exit code; note that snakemake uses bash strict mode!)

Removing output files of failed job hisat2_align since they might be corrupted:
data/mappedreads/SRR11140744.bam
Shutting down, this might take some time.
Exiting because a job execution failed. Look above for error message
Complete log: /home/amaiellu/.snakemake/log/2020-03-12T033319.543996.snakemake.log
