Building DAG of jobs...
Using shell: /usr/bin/bash
Provided cores: 16
Rules claiming more threads will be scaled down.
Job counts:
	count	jobs
	1	all
	3	mpileup
	4

[Thu Mar 12 16:09:45 2020]
rule mpileup:
    input: data/mappedreads/SRR11140744.bam
    output: data/calls/SRR11140744.vcf.gz
    jobid: 1
    wildcards: accession=SRR11140744


[Thu Mar 12 16:09:45 2020]
rule mpileup:
    input: data/mappedreads/SRR11140746.bam
    output: data/calls/SRR11140746.vcf.gz
    jobid: 2
    wildcards: accession=SRR11140746


[Thu Mar 12 16:09:45 2020]
rule mpileup:
    input: data/mappedreads/SRR11140748.bam
    output: data/calls/SRR11140748.vcf.gz
    jobid: 3
    wildcards: accession=SRR11140748

[Thu Mar 12 16:10:48 2020]
Finished job 2.
1 of 4 steps (25%) done
[Thu Mar 12 16:10:59 2020]
Finished job 3.
2 of 4 steps (50%) done
[Thu Mar 12 16:11:13 2020]
Finished job 1.
3 of 4 steps (75%) done

[Thu Mar 12 16:11:13 2020]
localrule all:
    input: data/calls/SRR11140744.vcf.gz, data/calls/SRR11140746.vcf.gz, data/calls/SRR11140748.vcf.gz
    jobid: 0

[Thu Mar 12 16:11:13 2020]
Finished job 0.
4 of 4 steps (100%) done
Complete log: /home/amaiellu/.snakemake/log/2020-03-12T160945.718201.snakemake.log
