Dynamic output is deprecated in favor of checkpoints (see docs). It will be removed in Snakemake 6.0.
Building DAG of jobs...
Using shell: /usr/bin/bash
Provided cores: 16
Rules claiming more threads will be scaled down.
Job counts:
	count	jobs
	1	all
	1	hisat2_align
	2

[Thu Mar 12 13:26:41 2020]
rule hisat2_align:
    output: data/mappedreads/SRR11140744 SRR11140746 SRR11140748.bam
    jobid: 1

[Thu Mar 12 13:26:41 2020]
Error in rule hisat2_align:
    jobid: 1
    output: data/mappedreads/SRR11140744 SRR11140746 SRR11140748.bam
    shell:
        hisat2 -x data/indexfiles/sra --sra-acc SRR11140744 SRR11140746 SRR11140748| samtools view -Sb -F4 - | samtools sort - > data/mappedreads/SRR11140744 SRR11140746 SRR11140748.bam
        (one of the commands exited with non-zero exit code; note that snakemake uses bash strict mode!)

Shutting down, this might take some time.
Exiting because a job execution failed. Look above for error message
Complete log: /home/amaiellu/.snakemake/log/2020-03-12T132641.595424.snakemake.log
