Building DAG of jobs...
Using shell: /usr/bin/bash
Provided cores: 16
Rules claiming more threads will be scaled down.
Job counts:
	count	jobs
	1	all
	3	count_check
	4

[Thu Mar 12 15:56:19 2020]
rule count_check:
    input: data/mappedreads/SRR11140748.bam
    output: data/counts/SRR11140748.txt
    jobid: 3
    wildcards: accession=SRR11140748


[Thu Mar 12 15:56:19 2020]
rule count_check:
    input: data/mappedreads/SRR11140746.bam
    output: data/counts/SRR11140746.txt
    jobid: 2
    wildcards: accession=SRR11140746


[Thu Mar 12 15:56:19 2020]
rule count_check:
    input: data/mappedreads/SRR11140744.bam
    output: data/counts/SRR11140744.txt
    jobid: 1
    wildcards: accession=SRR11140744

[Thu Mar 12 15:56:21 2020]
Finished job 2.
1 of 4 steps (25%) done
[Thu Mar 12 15:56:21 2020]
Finished job 3.
2 of 4 steps (50%) done
[Thu Mar 12 15:56:21 2020]
Finished job 1.
3 of 4 steps (75%) done

[Thu Mar 12 15:56:21 2020]
localrule all:
    input: data/counts/SRR11140744.txt, data/counts/SRR11140746.txt, data/counts/SRR11140748.txt
    jobid: 0

[Thu Mar 12 15:56:21 2020]
Finished job 0.
4 of 4 steps (100%) done
Complete log: /home/amaiellu/.snakemake/log/2020-03-12T155619.814751.snakemake.log
