Dynamic output is deprecated in favor of checkpoints (see docs). It will be removed in Snakemake 6.0.
Dynamic output is deprecated in favor of checkpoints (see docs). It will be removed in Snakemake 6.0.
Building DAG of jobs...
Using shell: /usr/bin/bash
Provided cores: 16
Rules claiming more threads will be scaled down.
Job counts:
	count	jobs
	1	all
	1	hisat2_align
	1	hisat2_index
	3

[Thu Mar 12 03:29:10 2020]
rule hisat2_index:
    input: data/GCF_009858895.2_ASM985889v3_genomic.fa
    output: data/indexfiles/sra{*}.ht2 (dynamic)
    jobid: 2

Subsequent jobs will be added dynamically depending on the output of this job
Waiting at most 5 seconds for missing files.
MissingOutputException in line 8 of /home/amaiellu/snakefile:
Missing files after 5 seconds:
data/indexfiles/sra{n}.ht2
This might be due to filesystem latency. If that is the case, consider to increase the wait time with --latency-wait.
Shutting down, this might take some time.
Exiting because a job execution failed. Look above for error message
Complete log: /home/amaiellu/.snakemake/log/2020-03-12T032910.735785.snakemake.log
