Building DAG of jobs...
Using shell: /usr/bin/bash
Provided cores: 16
Rules claiming more threads will be scaled down.
Job counts:
	count	jobs
	1	all
	3	replace_name
	4

[Thu Mar 12 17:10:05 2020]
rule replace_name:
    input: data/consensus/SRR11140744_consensus.fa
    output: data/consensus/SRR11140744_rconsensus.fa
    jobid: 1
    wildcards: accession=SRR11140744


[Thu Mar 12 17:10:05 2020]
rule replace_name:
    input: data/consensus/SRR11140748_consensus.fa
    output: data/consensus/SRR11140748_rconsensus.fa
    jobid: 3
    wildcards: accession=SRR11140748


[Thu Mar 12 17:10:05 2020]
rule replace_name:
    input: data/consensus/SRR11140746_consensus.fa
    output: data/consensus/SRR11140746_rconsensus.fa
    jobid: 2
    wildcards: accession=SRR11140746

[Thu Mar 12 17:10:05 2020]
Finished job 1.
1 of 4 steps (25%) done
[Thu Mar 12 17:10:05 2020]
Finished job 3.
2 of 4 steps (50%) done
[Thu Mar 12 17:10:05 2020]
Finished job 2.
3 of 4 steps (75%) done

[Thu Mar 12 17:10:05 2020]
localrule all:
    input: data/consensus/SRR11140744_rconsensus.fa, data/consensus/SRR11140746_rconsensus.fa, data/consensus/SRR11140748_rconsensus.fa
    jobid: 0

[Thu Mar 12 17:10:05 2020]
Finished job 0.
4 of 4 steps (100%) done
Complete log: /home/amaiellu/.snakemake/log/2020-03-12T171005.784403.snakemake.log
