Building DAG of jobs...
Using shell: /usr/bin/bash
Provided cores: 16
Rules claiming more threads will be scaled down.
Job counts:
	count	jobs
	1	all
	2	consensus
	3

[Thu Mar 12 16:47:57 2020]
rule consensus:
    input: data/calls/SRR11140746.vcf.gz
    output: data/consensus/SRR11140746_consensus.fa
    jobid: 2
    wildcards: accession=SRR11140746


[Thu Mar 12 16:47:57 2020]
rule consensus:
    input: data/calls/SRR11140748.vcf.gz
    output: data/consensus/SRR11140748_consensus.fa
    jobid: 3
    wildcards: accession=SRR11140748

[Thu Mar 12 16:47:57 2020]
Error in rule consensus:
    jobid: 2
    output: data/consensus/SRR11140746_consensus.fa
    shell:
        cat data/GCF_009858895.2_ASM985889v3_genomic.fa | bcftools consensus data/calls/SRR11140746.vcf.gz > data/consensus/SRR11140746_consensus.fa
        (one of the commands exited with non-zero exit code; note that snakemake uses bash strict mode!)

Removing output files of failed job consensus since they might be corrupted:
data/consensus/SRR11140746_consensus.fa
[Thu Mar 12 16:47:57 2020]
Error in rule consensus:
    jobid: 3
    output: data/consensus/SRR11140748_consensus.fa
    shell:
        cat data/GCF_009858895.2_ASM985889v3_genomic.fa | bcftools consensus data/calls/SRR11140748.vcf.gz > data/consensus/SRR11140748_consensus.fa
        (one of the commands exited with non-zero exit code; note that snakemake uses bash strict mode!)

Removing output files of failed job consensus since they might be corrupted:
data/consensus/SRR11140748_consensus.fa
Shutting down, this might take some time.
Exiting because a job execution failed. Look above for error message
Complete log: /home/amaiellu/.snakemake/log/2020-03-12T164757.407569.snakemake.log
