Building DAG of jobs...
Using shell: /usr/bin/bash
Provided cores: 16
Rules claiming more threads will be scaled down.
Job counts:
	count	jobs
	1	all
	10	bcfindex
	1	combine_seq
	10	consensus
	10	count_check
	10	hisat2_align
	1	join_refseqs
	10	mpileup
	10	replace_name
	63

[Fri Mar 13 01:13:18 2020]
rule hisat2_align:
    output: data/mappedreads/SRR11247077.bam
    jobid: 36
    wildcards: accession=SRR11247077


[Fri Mar 13 01:13:18 2020]
rule hisat2_align:
    output: data/mappedreads/SRR11092064.bam
    jobid: 37
    wildcards: accession=SRR11092064


[Fri Mar 13 01:13:18 2020]
rule hisat2_align:
    output: data/mappedreads/SRR1910449.bam
    jobid: 39
    wildcards: accession=SRR1910449


[Fri Mar 13 01:13:18 2020]
rule hisat2_align:
    output: data/mappedreads/SRR11241255.bam
    jobid: 38
    wildcards: accession=SRR11241255


[Fri Mar 13 01:13:18 2020]
rule hisat2_align:
    output: data/mappedreads/SRR8189998.bam
    jobid: 32
    wildcards: accession=SRR8189998


[Fri Mar 13 01:13:18 2020]
rule hisat2_align:
    output: data/mappedreads/SRR10971381.bam
    jobid: 34
    wildcards: accession=SRR10971381


[Fri Mar 13 01:13:18 2020]
rule hisat2_align:
    output: data/mappedreads/SRR11247075.bam
    jobid: 35
    wildcards: accession=SRR11247075


[Fri Mar 13 01:13:18 2020]
rule hisat2_align:
    output: data/mappedreads/SRR11140748.bam
    jobid: 41
    wildcards: accession=SRR11140748


[Fri Mar 13 01:13:18 2020]
rule hisat2_align:
    output: data/mappedreads/SRR2063913.bam
    jobid: 33
    wildcards: accession=SRR2063913


[Fri Mar 13 01:13:18 2020]
rule combine_seq:
    output: data/consensusfinal/sraseqs.fasta
    jobid: 42

[Fri Mar 13 01:13:18 2020]
Error in rule combine_seq:
    jobid: 42
    output: data/consensusfinal/sraseqs.fasta
    shell:
        cat data/consensusfinal/*.fa > data/consensusfinal/sraseqs.fasta
        (one of the commands exited with non-zero exit code; note that snakemake uses bash strict mode!)

Removing output files of failed job combine_seq since they might be corrupted:
data/consensusfinal/sraseqs.fasta
[Fri Mar 13 01:13:18 2020]
Finished job 35.
1 of 63 steps (2%) done

[Fri Mar 13 01:13:19 2020]
rule hisat2_align:
    output: data/mappedreads/SRR2063922.bam
    jobid: 40
    wildcards: accession=SRR2063922

[Fri Mar 13 01:13:21 2020]
Finished job 38.
2 of 63 steps (3%) done
[Fri Mar 13 01:13:35 2020]
Finished job 36.
3 of 63 steps (5%) done
[Fri Mar 13 01:14:13 2020]
Finished job 41.
4 of 63 steps (6%) done
[Fri Mar 13 01:14:39 2020]
Finished job 37.
5 of 63 steps (8%) done
[Fri Mar 13 01:15:22 2020]
Finished job 32.
6 of 63 steps (10%) done
[Fri Mar 13 01:16:39 2020]
Finished job 33.
7 of 63 steps (11%) done
[Fri Mar 13 01:18:43 2020]
Finished job 40.
8 of 63 steps (13%) done
[Fri Mar 13 01:18:49 2020]
Finished job 39.
9 of 63 steps (14%) done
[Fri Mar 13 01:18:53 2020]
Finished job 34.
10 of 63 steps (16%) done
Shutting down, this might take some time.
Exiting because a job execution failed. Look above for error message
Complete log: /home/amaiellu/.snakemake/log/2020-03-13T011318.337975.snakemake.log
