Building DAG of jobs...
Using shell: /usr/bin/bash
Provided cores: 16
Rules claiming more threads will be scaled down.
Job counts:
	count	jobs
	1	all
	3	consensus
	4

[Thu Mar 12 17:07:18 2020]
rule consensus:
    input: data/calls/SRR11140744.vcf.gz, data/calls/SRR11140744.vcf.gz.csi
    output: data/consensus/SRR11140744_consensus.fa
    jobid: 1
    wildcards: accession=SRR11140744


[Thu Mar 12 17:07:18 2020]
rule consensus:
    input: data/calls/SRR11140746.vcf.gz, data/calls/SRR11140746.vcf.gz.csi
    output: data/consensus/SRR11140746_consensus.fa
    jobid: 2
    wildcards: accession=SRR11140746


[Thu Mar 12 17:07:18 2020]
rule consensus:
    input: data/calls/SRR11140748.vcf.gz, data/calls/SRR11140748.vcf.gz.csi
    output: data/consensus/SRR11140748_consensus.fa
    jobid: 3
    wildcards: accession=SRR11140748

[Thu Mar 12 17:07:18 2020]
Finished job 1.
1 of 4 steps (25%) done
[Thu Mar 12 17:07:18 2020]
Finished job 2.
2 of 4 steps (50%) done
[Thu Mar 12 17:07:18 2020]
Finished job 3.
3 of 4 steps (75%) done

[Thu Mar 12 17:07:18 2020]
localrule all:
    input: data/consensus/SRR11140744_consensus.fa, data/consensus/SRR11140746_consensus.fa, data/consensus/SRR11140748_consensus.fa
    jobid: 0

[Thu Mar 12 17:07:18 2020]
Finished job 0.
4 of 4 steps (100%) done
Complete log: /home/amaiellu/.snakemake/log/2020-03-12T170718.883888.snakemake.log
