Building DAG of jobs...
Using shell: /usr/bin/bash
Provided cores: 16
Rules claiming more threads will be scaled down.
Job counts:
	count	jobs
	1	all
	3	count_check
	4

[Thu Mar 12 15:52:26 2020]
rule count_check:
    input: data/mappedreads/SRR11140748.bam
    output: data/counts/SRR11140748.txt
    jobid: 3
    wildcards: accession=SRR11140748


[Thu Mar 12 15:52:26 2020]
rule count_check:
    input: data/mappedreads/SRR11140746.bam
    output: data/counts/SRR11140746.txt
    jobid: 2
    wildcards: accession=SRR11140746


[Thu Mar 12 15:52:26 2020]
rule count_check:
    input: data/mappedreads/SRR11140744.bam
    output: data/counts/SRR11140744.txt
    jobid: 1
    wildcards: accession=SRR11140744

[Thu Mar 12 15:52:26 2020]
Error in rule count_check:
    jobid: 3
    output: data/counts/SRR11140748.txt
    shell:
        samtools -view -c data/mappedreads/SRR11140748.bam > data/counts/SRR11140748.txt
        (one of the commands exited with non-zero exit code; note that snakemake uses bash strict mode!)

Removing output files of failed job count_check since they might be corrupted:
data/counts/SRR11140748.txt
[Thu Mar 12 15:52:26 2020]
Error in rule count_check:
    jobid: 2
    output: data/counts/SRR11140746.txt
    shell:
        samtools -view -c data/mappedreads/SRR11140746.bam > data/counts/SRR11140746.txt
        (one of the commands exited with non-zero exit code; note that snakemake uses bash strict mode!)

Removing output files of failed job count_check since they might be corrupted:
data/counts/SRR11140746.txt
[Thu Mar 12 15:52:26 2020]
Error in rule count_check:
    jobid: 1
    output: data/counts/SRR11140744.txt
    shell:
        samtools -view -c data/mappedreads/SRR11140744.bam > data/counts/SRR11140744.txt
        (one of the commands exited with non-zero exit code; note that snakemake uses bash strict mode!)

Removing output files of failed job count_check since they might be corrupted:
data/counts/SRR11140744.txt
Shutting down, this might take some time.
Exiting because a job execution failed. Look above for error message
Complete log: /home/amaiellu/.snakemake/log/2020-03-12T155226.554685.snakemake.log
