Building DAG of jobs...
Using shell: /usr/bin/bash
Provided cores: 16
Rules claiming more threads will be scaled down.
Job counts:
	count	jobs
	1	all
	2	bcfindex
	3	consensus
	6

[Thu Mar 12 16:55:27 2020]
rule bcfindex:
    input: data/calls/SRR11140748.vcf.gz
    output: data/calls/SRR11140748.vcf.gz.csi
    jobid: 9
    wildcards: accession=SRR11140748


[Thu Mar 12 16:55:27 2020]
rule consensus:
    input: data/calls/SRR11140744.vcf.gz, data/calls/SRR11140744.vcf.gz.csi
    output: data/consensus/SRR11140744_consensus.fa
    jobid: 1
    wildcards: accession=SRR11140744


[Thu Mar 12 16:55:27 2020]
rule bcfindex:
    input: data/calls/SRR11140746.vcf.gz
    output: data/calls/SRR11140746.vcf.gz.csi
    jobid: 7
    wildcards: accession=SRR11140746

[Thu Mar 12 16:55:27 2020]
Finished job 9.
1 of 6 steps (17%) done

[Thu Mar 12 16:55:27 2020]
rule consensus:
    input: data/calls/SRR11140748.vcf.gz, data/calls/SRR11140748.vcf.gz.csi
    output: data/consensus/SRR11140748_consensus.fa
    jobid: 3
    wildcards: accession=SRR11140748

[Thu Mar 12 16:55:27 2020]
Finished job 1.
2 of 6 steps (33%) done
[Thu Mar 12 16:55:27 2020]
Finished job 7.
3 of 6 steps (50%) done

[Thu Mar 12 16:55:27 2020]
rule consensus:
    input: data/calls/SRR11140746.vcf.gz, data/calls/SRR11140746.vcf.gz.csi
    output: data/consensus/SRR11140746_consensus.fa
    jobid: 2
    wildcards: accession=SRR11140746

[Thu Mar 12 16:55:27 2020]
Finished job 3.
4 of 6 steps (67%) done
[Thu Mar 12 16:55:27 2020]
Finished job 2.
5 of 6 steps (83%) done

[Thu Mar 12 16:55:27 2020]
localrule all:
    input: data/consensus/SRR11140744_consensus.fa, data/consensus/SRR11140746_consensus.fa, data/consensus/SRR11140748_consensus.fa
    jobid: 0

[Thu Mar 12 16:55:27 2020]
Finished job 0.
6 of 6 steps (100%) done
Complete log: /home/amaiellu/.snakemake/log/2020-03-12T165527.144565.snakemake.log
